<?xml version="1.0" encoding="UTF-8"?>
<!-- Generated by org.testng.reporters.JUnitReportReporter -->
<testsuite hostname="assahu" failures="0" tests="5" name="testCases.TC003_LoginDDT" time="35.659" errors="0" timestamp="2025-04-14T11:20:51 IST" skipped="0">
  <testcase classname="testCases.TC003_LoginDDT" name="verify_loginDDt" time="10.956"/>
  <testcase classname="testCases.TC003_LoginDDT" name="verify_loginDDt" time="10.606"/>
  <testcase classname="testCases.TC003_LoginDDT" name="verify_loginDDt" time="1.382"/>
  <testcase classname="testCases.TC003_LoginDDT" name="verify_loginDDt" time="1.539"/>
  <testcase classname="testCases.TC003_LoginDDT" name="verify_loginDDt" time="11.176"/>
</testsuite> <!-- testCases.TC003_LoginDDT -->
