<?xml version="1.0" encoding="UTF-8"?>
<!-- Generated by org.testng.reporters.JUnitReportReporter -->
<testsuite hostname="assahu" failures="0" tests="1" name="testCases.TC001_AccountRegistrationTest" time="3.108" errors="0" timestamp="2025-04-27T20:16:18 IST" skipped="0">
  <testcase classname="testCases.TC001_AccountRegistrationTest" name="verify_account_registeration" time="3.108"/>
</testsuite> <!-- testCases.TC001_AccountRegistrationTest -->
